#
# There is insufficient memory for the Java Runtime Environment to continue.
# Native memory allocation (mmap) failed to map 130023424 bytes. Error detail: G1 virtual space
# Possible reasons:
#   The system is out of physical RAM or swap space
#   This process is running with CompressedOops enabled, and the Java Heap may be blocking the growth of the native heap
# Possible solutions:
#   Reduce memory load on the system
#   Increase physical memory or swap space
#   Check if swap backing store is full
#   Decrease Java heap size (-Xmx/-Xms)
#   Decrease number of Java threads
#   Decrease Java thread stack sizes (-Xss)
#   Set larger code cache with -XX:ReservedCodeCacheSize=
#   JVM is running with Unscaled Compressed Oops mode in which the Java heap is
#     placed in the first 4GB address space. The Java Heap base address is the
#     maximum limit for the native heap growth. Please use -XX:HeapBaseMinAddress
#     to set the Java Heap base and to place the Java Heap above 4GB virtual address.
# This output file may be truncated or incomplete.
#
#  Out of Memory Error (os_windows.cpp:3554), pid=8808, tid=16012
#
# JRE version:  (25.0.1+8) (build )
# Java VM: Java HotSpot(TM) 64-Bit Server VM (25.0.1+8-LTS-27, mixed mode, sharing, tiered, compressed oops, compressed class ptrs, g1 gc, windows-amd64)
# No core dump will be written. Minidumps are not enabled by default on client versions of Windows
#

---------------  S U M M A R Y ------------

Command Line: --enable-native-access=ALL-UNNAMED 

Host: 11th Gen Intel(R) Core(TM) i3-1115G4 @ 3.00GHz, 4 cores, 7G,  Windows 11 , 64 bit Build 26100 (10.0.26100.7920)
Time: Mon Mar 23 15:51:45 2026 India Standard Time elapsed time: 0.184665 seconds (0d 0h 0m 0s)

---------------  T H R E A D  ---------------

Current thread (0x000002efb3e63f90):  JavaThread "Unknown thread" [_thread_in_vm, id=16012, stack(0x000000f393500000,0x000000f393600000) (1024K)]

Stack: [0x000000f393500000,0x000000f393600000]
Native frames: (J=compiled Java code, j=interpreted, Vv=VM code, C=native code)
V  [jvm.dll+0x7a6b59]  (no source info available)
V  [jvm.dll+0x77290d]  (no source info available)
V  [jvm.dll+0x966153]  (no source info available)
V  [jvm.dll+0x968751]  (no source info available)
V  [jvm.dll+0x968e53]  (no source info available)
V  [jvm.dll+0x2fc756]  (no source info available)
V  [jvm.dll+0x7a2d85]  (no source info available)
V  [jvm.dll+0x796197]  (no source info available)
V  [jvm.dll+0x3f4698]  (no source info available)
V  [jvm.dll+0x3fc5b6]  (no source info available)
V  [jvm.dll+0x3e8c8e]  (no source info available)
V  [jvm.dll+0x3e8f48]  (no source info available)
V  [jvm.dll+0x3c0045]  (no source info available)
V  [jvm.dll+0x3c0cce]  (no source info available)
V  [jvm.dll+0x92c837]  (no source info available)
V  [jvm.dll+0x458bc2]  (no source info available)
V  [jvm.dll+0x9101e2]  (no source info available)
V  [jvm.dll+0x4f9061]  (no source info available)
V  [jvm.dll+0x4fa8f1]  (no source info available)
C  [jli.dll+0x543e]  (no source info available)
C  [ucrtbase.dll+0x37b0]  (no source info available)
C  [KERNEL32.DLL+0x2e8d7]  (no source info available)
C  [ntdll.dll+0x8c48c]  (no source info available)

Lock stack of current Java thread (top to bottom):


---------------  P R O C E S S  ---------------

Threads class SMR info:
_java_thread_list=0x00007ffeac835308, length=0, elements={
}

Java Threads: ( => current thread )
Total: 0

Other Threads:
  0x000002efb1a49d80 WorkerThread "GC Thread#0"                     [id=18660, stack(0x000000f393c00000,0x000000f393d00000) (1024K)]
  0x000002efb3b3d340 ConcurrentGCThread "G1 Main Marker"            [id=20012, stack(0x000000f393d00000,0x000000f393e00000) (1024K)]
  0x000002efb3b3db90 WorkerThread "G1 Conc#0"                       [id=25228, stack(0x000000f393e00000,0x000000f393f00000) (1024K)]

[error occurred during error reporting (printing all threads), id 0xc0000005, EXCEPTION_ACCESS_VIOLATION (0xc0000005) at pc=0x00007ffeabf14c2a]
VM state: not at safepoint (not fully initialized)

VM Mutex/Monitor currently owned by a thread:  ([mutex/lock_event])
[0x00007ffeac8b9668] Heap_lock - owner thread: 0x000002efb3e63f90

Heap address: 0x0000000084200000, size: 1982 MB, Compressed Oops mode: 32-bit

CDS archive(s) mapped at: [0x0000000000000000-0x0000000000000000-0x0000000000000000), size 0, SharedBaseAddress: 0x0000000800000000, ArchiveRelocationMode: 1.
UseCompressedClassPointers 1, UseCompactObjectHeaders 0
Narrow klass pointer bits 32, Max shift 3
Narrow klass base: 0xffffffffffffffff, Narrow klass shift: -1
Encoding Range: [0xffffffffffffffff - 0x000000007fffffff), (2147483648 bytes)
Klass Range:    [0x0000000000000000 - 0x0000000000000000), (0 bytes)
Klass ID Range:  [4294967295 - 0) (1)
No protection zone.

GC Precious Log:
 CardTable entry size: 512
 Card Set container configuration: InlinePtr #cards 5 size 8 Array Of Cards #cards 10 size 36 Howl #buckets 4 coarsen threshold 1843 Howl Bitmap #cards 512 size 80 coarsen threshold 460 Card regions per heap region 1 cards per card region 2048

Heap:
 garbage-first heap   total reserved 2029568K, committed 0K, used 0K [0x0000000084200000, 0x0000000100000000)
  region size 1024K, 0 young (0K), 0 survivors (0K)

Heap Regions: E=young(eden), S=young(survivor), O=old, HS=humongous(starts), HC=humongous(continues), CS=collection set, F=free, TAMS=top-at-mark-start, PB=parsable bottom

Card table byte_map: [0x000002efcd5d0000,0x000002efcd9b0000] _byte_map_base: 0x000002efcd1af000

Marking Bits: (CMBitMap*) 0x000002efb3a81af0
 Bits: [0x000002efcd9b0000, 0x000002efcf8a8000)

GC Heap Usage History (0 events):
No events

Metaspace Usage History (0 events):
No events

Dll operation events (1 events):
Event: 0.175 Loaded shared library C:\Users\Venkateswr Rao\Downloads\jdk-25_windows-x64_bin\jdk-25.0.1\bin\java.dll

Deoptimization events (0 events):
No events

Classes loaded (0 events):
No events

Classes unloaded (0 events):
No events

Classes redefined (0 events):
No events

Internal exceptions (0 events):
No events

VM Operations (0 events):
No events

Memory protections (0 events):
No events

Nmethod flushes (0 events):
No events

Events (0 events):
No events


Dynamic libraries:
0x00007ff7de880000 - 0x00007ff7de890000 	C:\Users\Venkateswr Rao\Downloads\jdk-25_windows-x64_bin\jdk-25.0.1\bin\java.exe
0x00007fff30d80000 - 0x00007fff30fe7000 	C:\WINDOWS\SYSTEM32\ntdll.dll
0x00007fff2f910000 - 0x00007fff2f9d9000 	C:\WINDOWS\System32\KERNEL32.DLL
0x00007fff2e720000 - 0x00007fff2eb11000 	C:\WINDOWS\System32\KERNELBASE.dll
0x00007ffecc350000 - 0x00007ffecc3ef000 	c:\Users\Venkateswr Rao\AppData\Local\Programs\Trae\resources\app\modules\sandbox\x64\trae_sbox.dll
0x00007fff2ed20000 - 0x00007fff2eddb000 	C:\WINDOWS\System32\ADVAPI32.dll
0x00007fff2f620000 - 0x00007fff2f6c9000 	C:\WINDOWS\System32\msvcrt.dll
0x00007fff2f570000 - 0x00007fff2f617000 	C:\WINDOWS\System32\sechost.dll
0x00007fff30150000 - 0x00007fff30268000 	C:\WINDOWS\System32\RPCRT4.dll
0x00007fff2d660000 - 0x00007fff2d7ab000 	C:\WINDOWS\System32\ucrtbase.dll
0x00007fff0fb40000 - 0x00007fff0fb57000 	C:\Users\Venkateswr Rao\Downloads\jdk-25_windows-x64_bin\jdk-25.0.1\bin\jli.dll
0x00007fff30750000 - 0x00007fff30915000 	C:\WINDOWS\System32\USER32.dll
0x00007fff2dd10000 - 0x00007fff2dd37000 	C:\WINDOWS\System32\win32u.dll
0x00007fff2fdf0000 - 0x00007fff2fe1b000 	C:\WINDOWS\System32\GDI32.dll
0x00007fff0fb60000 - 0x00007fff0fb7e000 	C:\Users\Venkateswr Rao\Downloads\jdk-25_windows-x64_bin\jdk-25.0.1\bin\VCRUNTIME140.dll
0x00007fff2db50000 - 0x00007fff2dc7b000 	C:\WINDOWS\System32\gdi32full.dll
0x00007fff2d7b0000 - 0x00007fff2d853000 	C:\WINDOWS\System32\msvcp_win.dll
0x00007fff14bc0000 - 0x00007fff14e53000 	C:\WINDOWS\WinSxS\amd64_microsoft.windows.common-controls_6595b64144ccf1df_6.0.26100.8037_none_3e092faae333b53b\COMCTL32.dll
0x00007ffece600000 - 0x00007ffece68f000 	c:\Users\Venkateswr Rao\AppData\Local\Programs\Trae\resources\app\modules\sandbox\x64\sbox_ipc.dll
0x00007fff2ece0000 - 0x00007fff2ed11000 	C:\WINDOWS\System32\IMM32.DLL
0x00007fff2b370000 - 0x00007fff2b5b2000 	C:\WINDOWS\SYSTEM32\dbghelp.dll
0x00007fff30930000 - 0x00007fff30cb2000 	C:\WINDOWS\System32\combase.dll
0x00007fff2ec00000 - 0x00007fff2ecd7000 	C:\WINDOWS\System32\OLEAUT32.dll
0x00007fff0f1a0000 - 0x00007fff0f1db000 	C:\WINDOWS\SYSTEM32\dbgcore.DLL
0x00007fff1f6b0000 - 0x00007fff1f6bc000 	C:\Users\Venkateswr Rao\Downloads\jdk-25_windows-x64_bin\jdk-25.0.1\bin\vcruntime140_1.dll
0x00007ffedd0f0000 - 0x00007ffedd17d000 	C:\Users\Venkateswr Rao\Downloads\jdk-25_windows-x64_bin\jdk-25.0.1\bin\msvcp140.dll
0x00007ffeabb40000 - 0x00007ffeac99f000 	C:\Users\Venkateswr Rao\Downloads\jdk-25_windows-x64_bin\jdk-25.0.1\bin\server\jvm.dll
0x00007fff2f890000 - 0x00007fff2f904000 	C:\WINDOWS\System32\WS2_32.dll
0x00007fff2d4c0000 - 0x00007fff2d51e000 	C:\WINDOWS\SYSTEM32\POWRPROF.dll
0x00007fff26af0000 - 0x00007fff26b25000 	C:\WINDOWS\SYSTEM32\WINMM.dll
0x00007fff1efd0000 - 0x00007fff1efdb000 	C:\WINDOWS\SYSTEM32\VERSION.dll
0x00007fff2d4a0000 - 0x00007fff2d4b4000 	C:\WINDOWS\SYSTEM32\UMPDC.dll
0x00007fff2c3f0000 - 0x00007fff2c40b000 	C:\WINDOWS\SYSTEM32\kernel.appcore.dll
0x00007fff19180000 - 0x00007fff1918a000 	C:\Users\Venkateswr Rao\Downloads\jdk-25_windows-x64_bin\jdk-25.0.1\bin\jimage.dll
0x00007fff2d9e0000 - 0x00007fff2da85000 	C:\WINDOWS\System32\bcryptPrimitives.dll
0x00007fff2ede0000 - 0x00007fff2f53f000 	C:\WINDOWS\System32\Shell32.dll
0x00007fff2dd40000 - 0x00007fff2deaa000 	C:\WINDOWS\System32\wintypes.dll
0x00007fff2deb0000 - 0x00007fff2e714000 	C:\WINDOWS\System32\windows.storage.dll
0x00007fff2f6d0000 - 0x00007fff2f7c7000 	C:\WINDOWS\System32\shcore.dll
0x00007fff2abf0000 - 0x00007fff2ac9a000 	C:\WINDOWS\system32\uxtheme.dll
0x00007fff2eb20000 - 0x00007fff2eb87000 	C:\WINDOWS\System32\shlwapi.dll
0x00007fff2f7d0000 - 0x00007fff2f87e000 	C:\WINDOWS\System32\clbcatq.dll
0x00007fff1e2a0000 - 0x00007fff1e8f2000 	C:\Windows\System32\OneCoreUAPCommonProxyStub.dll
0x00007fff2f9f0000 - 0x00007fff2fb85000 	C:\WINDOWS\System32\ole32.dll
0x00007fff2d1d0000 - 0x00007fff2d227000 	C:\WINDOWS\SYSTEM32\CFGMGR32.dll
0x00007fff28a20000 - 0x00007fff28b23000 	C:\WINDOWS\system32\propsys.dll
0x00007ffef7a90000 - 0x00007ffef7c07000 	C:\Windows\System32\Windows.System.Launcher.dll
0x00007fff17a20000 - 0x00007fff17a3a000 	C:\WINDOWS\SYSTEM32\windows.staterepositorycore.dll
0x00007ffef7eb0000 - 0x00007ffef7f74000 	C:\Windows\System32\Windows.StateRepositoryPS.dll
0x00007fff2c510000 - 0x00007fff2c546000 	C:\WINDOWS\SYSTEM32\ntmarta.dll
0x00007ffef8710000 - 0x00007ffef87cf000 	C:\Windows\System32\Windows.FileExplorer.Common.dll
0x00007fff0a3e0000 - 0x00007fff0a427000 	C:\WINDOWS\SYSTEM32\windows.staterepositoryclient.dll
0x00007ffef6f50000 - 0x00007ffef6f82000 	C:\Windows\System32\cldapi.dll
0x00007fff2c690000 - 0x00007fff2c6d9000 	C:\WINDOWS\SYSTEM32\SspiCli.dll
0x00007fff0e460000 - 0x00007fff0e63d000 	C:\Windows\System32\urlmon.dll
0x00007fff0e190000 - 0x00007fff0e454000 	C:\Windows\System32\iertutil.dll
0x00007fff0e160000 - 0x00007fff0e189000 	C:\Windows\System32\srvcli.dll
0x00007fff2bd60000 - 0x00007fff2bd6d000 	C:\Windows\System32\netutils.dll
0x00007fff2d550000 - 0x00007fff2d57a000 	C:\WINDOWS\SYSTEM32\bcrypt.dll
0x00007ffedd9d0000 - 0x00007ffedda00000 	C:\WINDOWS\system32\mssprxy.dll
0x00007fff2d580000 - 0x00007fff2d5a9000 	C:\WINDOWS\SYSTEM32\profapi.dll
0x00007fff2fd70000 - 0x00007fff2fdec000 	C:\WINDOWS\System32\coml2.dll
0x00007fff0fb20000 - 0x00007fff0fb3f000 	C:\Users\Venkateswr Rao\Downloads\jdk-25_windows-x64_bin\jdk-25.0.1\bin\java.dll

JVMTI agents: none

dbghelp: loaded successfully - version: 4.0.5 - missing functions: none
symbol engine: initialized successfully - sym options: 0x614 - pdb path: .;C:\Users\Venkateswr Rao\Downloads\jdk-25_windows-x64_bin\jdk-25.0.1\bin;C:\WINDOWS\SYSTEM32;c:\Users\Venkateswr Rao\AppData\Local\Programs\Trae\resources\app\modules\sandbox\x64;C:\WINDOWS\WinSxS\amd64_microsoft.windows.common-controls_6595b64144ccf1df_6.0.26100.8037_none_3e092faae333b53b;C:\Users\Venkateswr Rao\Downloads\jdk-25_windows-x64_bin\jdk-25.0.1\bin\server

VM Arguments:
jvm_args: --enable-native-access=ALL-UNNAMED 
java_command: <unknown>
java_class_path (initial): <not set>
Launcher Type: SUN_STANDARD

[Global flags]
     intx CICompilerCount                          = 3                                         {product} {ergonomic}
     uint ConcGCThreads                            = 1                                         {product} {ergonomic}
     uint G1ConcRefinementThreads                  = 4                                         {product} {ergonomic}
   size_t G1HeapRegionSize                         = 1048576                                   {product} {ergonomic}
   size_t InitialHeapSize                          = 130023424                                 {product} {ergonomic}
   size_t MarkStackSize                            = 4194304                                   {product} {ergonomic}
   size_t MarkStackSizeMax                         = 536870912                                 {product} {ergonomic}
   size_t MaxHeapSize                              = 2078277632                                {product} {ergonomic}
   size_t MinHeapDeltaBytes                        = 1048576                                   {product} {ergonomic}
   size_t MinHeapSize                              = 8388608                                   {product} {ergonomic}
    uintx NonNMethodCodeHeapSize                   = 5832704                                {pd product} {ergonomic}
    uintx NonProfiledCodeHeapSize                  = 122945536                              {pd product} {ergonomic}
    uintx ProfiledCodeHeapSize                     = 122880000                              {pd product} {ergonomic}
    uintx ReservedCodeCacheSize                    = 251658240                              {pd product} {ergonomic}
     bool SegmentedCodeCache                       = true                                      {product} {ergonomic}
   size_t SoftMaxHeapSize                          = 2078277632                             {manageable} {ergonomic}
     bool UseCompressedOops                        = true                           {product lp64_product} {ergonomic}
     bool UseG1GC                                  = true                                      {product} {ergonomic}
     bool UseLargePagesIndividualAllocation        = false                                  {pd product} {ergonomic}

Logging:
Log output configuration:
 #0: stdout all=warning uptime,level,tags foldmultilines=false
 #1: stderr all=off uptime,level,tags foldmultilines=false

Release file:
<release file has not been read>
Environment Variables:
PATH=c:\\Users\\Venkateswr Rao\\.trae\\tools\\trae-gopls\\current;c:\\Users\\Venkateswr Rao\\.trae\\sdks\\workspaces\\6c463738\\versions\\node\\current;c:\\Users\\Venkateswr Rao\\.trae\\sdks\\versions\\node\\current;c:\Users\Venkateswr Rao\.trae\tools\trae-gopls\current;c:\Users\Venkateswr Rao\.trae\sdks\workspaces\6c463738\versions\node\current;c:\Users\Venkateswr Rao\.trae\sdks\versions\node\current;C:\Python314\Scripts\;C:\Python314\;D:\Nithin\Scripts\;C:\WINDOWS\system32;C:\WINDOWS;C:\WINDOWS\System32\Wbem;C:\WINDOWS\System32\WindowsPowerShell\v1.0\;C:\WINDOWS\System32\OpenSSH\;C:\Program Files\dotnet\;C:\Program Files\Git\cmd;C:\ProgramData\chocolatey\bin;C:\Program Files\MongoDB\Server\8.2\bin;C:\apache-maven-3.9.11-bin\apache-maven-3.9.11\bin;C:\spring-boot-cli-4.0.0-bin\spring-4.0.0\bin;C:\Users\Venkateswr Rao\Downloads\jdk-25_windows-x64_bin\jdk-25.0.1\bin;C:\Program Files\nodejs\;C:\Program Files\MySQL\MySQL Shell 8.0\bin\;C:\Users\Venkateswr Rao\.local\bin;C:\Users\Venkateswr Rao\AppData\Local\Programs\Python\Launcher\;C:\Users\Venkateswr Rao\AppData\Local\Microsoft\WindowsApps;C:\Users\Venkateswr Rao\AppData\Local\Programs\Microsoft VS Code\bin;C:\Users\Venkateswr Rao\AppData\Local\Programs\mongosh\;C:\Users\Venkateswr Rao\AppData\Local\Programs\cursor\resources\app\bin;C:\Users\Venkateswr Rao\AppData\Roaming\npm;D:\Nithin\OneDrive\Pictures\Desktop\ai\a\frontend\node_modules\.bin;C:\Users\Venkateswr Rao\AppData\Local\Programs\Antigravity\bin;c:\Users\Venkateswr Rao\.trae\extensions\vscjava.vscode-java-debug-0.58.5-universal\bundled\scripts\noConfigScripts
USERNAME=Nani
LANG=en_US.UTF-8
OS=Windows_NT
PROCESSOR_IDENTIFIER=Intel64 Family 6 Model 140 Stepping 1, GenuineIntel
TMP=C:\Users\VENKAT~1\AppData\Local\Temp
TEMP=C:\Users\VENKAT~1\AppData\Local\Temp




Compilation memory statistics disabled.

Periodic native trim disabled

---------------  S Y S T E M  ---------------

OS:
 Windows 11 , 64 bit Build 26100 (10.0.26100.7920)
OS uptime: 7 days 3:07 hours
Hyper-V role detected

CPU: total 4 (initial active 4) (2 cores per cpu, 2 threads per core) family 6 model 140 stepping 1 microcode 0xbe, cx8, cmov, fxsr, ht, mmx, 3dnowpref, sse, sse2, sse3, ssse3, sse4.1, sse4.2, popcnt, lzcnt, tsc, tscinvbit, avx, avx2, aes, erms, clmul, bmi1, bmi2, adx, avx512f, avx512dq, avx512cd, avx512bw, avx512vl, sha, fma, vzeroupper, avx512_vpopcntdq, avx512_vpclmulqdq, avx512_vaes, avx512_vnni, clflush, clflushopt, clwb, avx512_vbmi2, avx512_vbmi, hv, rdtscp, rdpid, fsrm, gfni, avx512_bitalg, f16c, cet_ibt, cet_ss, avx512_ifma
Processor Information for the first 4 processors :
  Max Mhz: 2995, Current Mhz: 2995, Mhz Limit: 2995

Memory: 4k page, system-wide physical 7926M (1081M free)
TotalPageFile size 24012M (AvailPageFile size 76M)
current process WorkingSet (physical memory assigned to process): 34M, peak: 34M
current process commit charge ("private bytes"): 56M, peak: 179M

vm_info: Java HotSpot(TM) 64-Bit Server VM (25.0.1+8-LTS-27) for windows-amd64 JRE (25.0.1+8-LTS-27), built on 2025-09-25T16:41:16Z with unknown MS VC++:1943

END.
